# JRE version: Java(TM) SE Runtime Environment (8.0_251-b08) (build 1.8.0_251-b08)
# Java VM: Java HotSpot(TM) 64-Bit Server VM (25.251-b08 mixed mode windows-amd64 compressed oops)
Heap:
 PSYoungGen      total 70656K, used 59792K [0x00000000d6200000, 0x00000000dac00000, 0x0000000100000000)
  eden space 65536K, 91% used [0x00000000d6200000,0x00000000d9c64138,0x00000000da200000)
  from space 5120K, 0% used [0x00000000da200000,0x00000000da200000,0x00000000da700000)
  to   space 5120K, 0% used [0x00000000da700000,0x00000000da700000,0x00000000dac00000)
 ParOldGen       total 49664K, used 5186K [0x0000000082600000, 0x0000000085680000, 0x00000000d6200000)
  object space 49664K, 10% used [0x0000000082600000,0x0000000082b10a00,0x0000000085680000)
 Metaspace       used 24497K, capacity 26378K, committed 26748K, reserved 1073152K
  class space    used 3229K, capacity 3613K, committed 3708K, reserved 1048576K
GC Heap History (10 events):
Event: 4.607 GC heap before
{Heap before GC invocations=2 (full 0):
 PSYoungGen      total 37888K, used 37605K [0x00000000d6200000, 0x00000000d8c00000, 0x0000000100000000)
  eden space 32768K, 100% used [0x00000000d6200000,0x00000000d8200000,0x00000000d8200000)
  from space 5120K, 94% used [0x00000000d8200000,0x00000000d86b9490,0x00000000d8700000)
  to   space 5120K, 0% used [0x00000000d8700000,0x00000000d8700000,0x00000000d8c00000)
 ParOldGen       total 86016K, used 16K [0x0000000082600000, 0x0000000087a00000, 0x00000000d6200000)
  object space 86016K, 0% used [0x0000000082600000,0x0000000082604000,0x0000000087a00000)
 Metaspace       used 13638K, capacity 14704K, committed 14848K, reserved 1062912K
  class space    used 1727K, capacity 1942K, committed 2048K, reserved 1048576K
Event: 4.623 GC heap after
Heap after GC invocations=2 (full 0):
 PSYoungGen      total 37888K, used 5107K [0x00000000d6200000, 0x00000000d8c00000, 0x0000000100000000)
  eden space 32768K, 0% used [0x00000000d6200000,0x00000000d6200000,0x00000000d8200000)
  from space 5120K, 99% used [0x00000000d8700000,0x00000000d8bfcd30,0x00000000d8c00000)
  to   space 5120K, 0% used [0x00000000d8200000,0x00000000d8200000,0x00000000d8700000)
 ParOldGen       total 86016K, used 767K [0x0000000082600000, 0x0000000087a00000, 0x00000000d6200000)
  object space 86016K, 0% used [0x0000000082600000,0x00000000826bff58,0x0000000087a00000)
 Metaspace       used 13638K, capacity 14704K, committed 14848K, reserved 1062912K
  class space    used 1727K, capacity 1942K, committed 2048K, reserved 1048576K
}
Event: 6.398 GC heap before
{Heap before GC invocations=3 (full 0):
 PSYoungGen      total 37888K, used 37875K [0x00000000d6200000, 0x00000000d8c00000, 0x0000000100000000)
  eden space 32768K, 100% used [0x00000000d6200000,0x00000000d8200000,0x00000000d8200000)
  from space 5120K, 99% used [0x00000000d8700000,0x00000000d8bfcd30,0x00000000d8c00000)
  to   space 5120K, 0% used [0x00000000d8200000,0x00000000d8200000,0x00000000d8700000)
 ParOldGen       total 86016K, used 767K [0x0000000082600000, 0x0000000087a00000, 0x00000000d6200000)
  object space 86016K, 0% used [0x0000000082600000,0x00000000826bff58,0x0000000087a00000)
 Metaspace       used 17011K, capacity 18482K, committed 18688K, reserved 1064960K
  class space    used 2252K, capacity 2537K, committed 2560K, reserved 1048576K
Event: 6.430 GC heap after
Heap after GC invocations=3 (full 0):
 PSYoungGen      total 37888K, used 5117K [0x00000000d6200000, 0x00000000dac00000, 0x0000000100000000)
  eden space 32768K, 0% used [0x00000000d6200000,0x00000000d6200000,0x00000000d8200000)
  from space 5120K, 99% used [0x00000000d8200000,0x00000000d86ff548,0x00000000d8700000)
  to   space 5120K, 0% used [0x00000000da700000,0x00000000da700000,0x00000000dac00000)
 ParOldGen       total 86016K, used 2655K [0x0000000082600000, 0x0000000087a00000, 0x00000000d6200000)
  object space 86016K, 3% used [0x0000000082600000,0x0000000082897f98,0x0000000087a00000)
 Metaspace       used 17011K, capacity 18482K, committed 18688K, reserved 1064960K
  class space    used 2252K, capacity 2537K, committed 2560K, reserved 1048576K
}
Event: 7.093 GC heap before
{Heap before GC invocations=4 (full 0):
 PSYoungGen      total 37888K, used 26520K [0x00000000d6200000, 0x00000000dac00000, 0x0000000100000000)
  eden space 32768K, 65% used [0x00000000d6200000,0x00000000d76e6e78,0x00000000d8200000)
  from space 5120K, 99% used [0x00000000d8200000,0x00000000d86ff548,0x00000000d8700000)
  to   space 5120K, 0% used [0x00000000da700000,0x00000000da700000,0x00000000dac00000)
 ParOldGen       total 86016K, used 2655K [0x0000000082600000, 0x0000000087a00000, 0x00000000d6200000)
  object space 86016K, 3% used [0x0000000082600000,0x0000000082897f98,0x0000000087a00000)
 Metaspace       used 19787K, capacity 21354K, committed 21552K, reserved 1069056K
  class space    used 2554K, capacity 2863K, committed 2864K, reserved 1048576K
Event: 7.117 GC heap after
Heap after GC invocations=4 (full 0):
 PSYoungGen      total 70656K, used 5114K [0x00000000d6200000, 0x00000000dac00000, 0x0000000100000000)
  eden space 65536K, 0% used [0x00000000d6200000,0x00000000d6200000,0x00000000da200000)
  from space 5120K, 99% used [0x00000000da700000,0x00000000dabfe838,0x00000000dac00000)
  to   space 5120K, 0% used [0x00000000da200000,0x00000000da200000,0x00000000da700000)
 ParOldGen       total 86016K, used 5051K [0x0000000082600000, 0x0000000087a00000, 0x00000000d6200000)
  object space 86016K, 5% used [0x0000000082600000,0x0000000082aeef88,0x0000000087a00000)
 Metaspace       used 19787K, capacity 21354K, committed 21552K, reserved 1069056K
  class space    used 2554K, capacity 2863K, committed 2864K, reserved 1048576K
}
Event: 7.196 GC heap before
{Heap before GC invocations=5 (full 0):
 PSYoungGen      total 70656K, used 8403K [0x00000000d6200000, 0x00000000dac00000, 0x0000000100000000)
  eden space 65536K, 5% used [0x00000000d6200000,0x00000000d6536658,0x00000000da200000)
  from space 5120K, 99% used [0x00000000da700000,0x00000000dabfe838,0x00000000dac00000)
  to   space 5120K, 0% used [0x00000000da200000,0x00000000da200000,0x00000000da700000)
 ParOldGen       total 86016K, used 5051K [0x0000000082600000, 0x0000000087a00000, 0x00000000d6200000)
  object space 86016K, 5% used [0x0000000082600000,0x0000000082aeef88,0x0000000087a00000)
 Metaspace       used 20072K, capacity 21616K, committed 21628K, reserved 1069056K
  class space    used 2600K, capacity 2928K, committed 2940K, reserved 1048576K
Event: 7.216 GC heap after
Heap after GC invocations=5 (full 0):
 PSYoungGen      total 70656K, used 5091K [0x00000000d6200000, 0x00000000dac00000, 0x0000000100000000)
  eden space 65536K, 0% used [0x00000000d6200000,0x00000000d6200000,0x00000000da200000)
  from space 5120K, 99% used [0x00000000da200000,0x00000000da6f8cc8,0x00000000da700000)
  to   space 5120K, 0% used [0x00000000da700000,0x00000000da700000,0x00000000dac00000)
 ParOldGen       total 86016K, used 5235K [0x0000000082600000, 0x0000000087a00000, 0x00000000d6200000)
  object space 86016K, 6% used [0x0000000082600000,0x0000000082b1cdf0,0x0000000087a00000)
 Metaspace       used 20072K, capacity 21616K, committed 21628K, reserved 1069056K
  class space    used 2600K, capacity 2928K, committed 2940K, reserved 1048576K
}
Event: 7.216 GC heap before
{Heap before GC invocations=6 (full 1):
 PSYoungGen      total 70656K, used 5091K [0x00000000d6200000, 0x00000000dac00000, 0x0000000100000000)
  eden space 65536K, 0% used [0x00000000d6200000,0x00000000d6200000,0x00000000da200000)
  from space 5120K, 99% used [0x00000000da200000,0x00000000da6f8cc8,0x00000000da700000)
  to   space 5120K, 0% used [0x00000000da700000,0x00000000da700000,0x00000000dac00000)
 ParOldGen       total 86016K, used 5235K [0x0000000082600000, 0x0000000087a00000, 0x00000000d6200000)
  object space 86016K, 6% used [0x0000000082600000,0x0000000082b1cdf0,0x0000000087a00000)
 Metaspace       used 20072K, capacity 21616K, committed 21628K, reserved 1069056K
  class space    used 2600K, capacity 2928K, committed 2940K, reserved 1048576K
Event: 7.362 GC heap after
Heap after GC invocations=6 (full 1):
 PSYoungGen      total 70656K, used 0K [0x00000000d6200000, 0x00000000dac00000, 0x0000000100000000)
  eden space 65536K, 0% used [0x00000000d6200000,0x00000000d6200000,0x00000000da200000)
  from space 5120K, 0% used [0x00000000da200000,0x00000000da200000,0x00000000da700000)
  to   space 5120K, 0% used [0x00000000da700000,0x00000000da700000,0x00000000dac00000)
 ParOldGen       total 49664K, used 5186K [0x0000000082600000, 0x0000000085680000, 0x00000000d6200000)
  object space 49664K, 10% used [0x0000000082600000,0x0000000082b10a00,0x0000000085680000)
 Metaspace       used 20072K, capacity 21616K, committed 21628K, reserved 1069056K
  class space    used 2600K, capacity 2928K, committed 2940K, reserved 1048576K
}

