# JRE version: Java(TM) SE Runtime Environment (8.0_251-b08) (build 1.8.0_251-b08)
# Java VM: Java HotSpot(TM) 64-Bit Server VM (25.251-b08 mixed mode windows-amd64 compressed oops)
Heap:
 PSYoungGen      total 70656K, used 65359K [0x00000000d6200000, 0x00000000dac00000, 0x0000000100000000)
  eden space 65536K, 99% used [0x00000000d6200000,0x00000000da1d3df0,0x00000000da200000)
  from space 5120K, 0% used [0x00000000da700000,0x00000000da700000,0x00000000dac00000)
  to   space 5120K, 0% used [0x00000000da200000,0x00000000da200000,0x00000000da700000)
 ParOldGen       total 56320K, used 7145K [0x0000000082600000, 0x0000000085d00000, 0x00000000d6200000)
  object space 56320K, 12% used [0x0000000082600000,0x0000000082cfa4d8,0x0000000085d00000)
 Metaspace       used 24745K, capacity 26610K, committed 26752K, reserved 1073152K
  class space    used 3265K, capacity 3645K, committed 3712K, reserved 1048576K
GC Heap History (10 events):
Event: 3.888 GC heap before
{Heap before GC invocations=1 (full 0):
 PSYoungGen      total 37888K, used 32768K [0x00000000d6200000, 0x00000000d8c00000, 0x0000000100000000)
  eden space 32768K, 100% used [0x00000000d6200000,0x00000000d8200000,0x00000000d8200000)
  from space 5120K, 0% used [0x00000000d8700000,0x00000000d8700000,0x00000000d8c00000)
  to   space 5120K, 0% used [0x00000000d8200000,0x00000000d8200000,0x00000000d8700000)
 ParOldGen       total 86016K, used 0K [0x0000000082600000, 0x0000000087a00000, 0x00000000d6200000)
  object space 86016K, 0% used [0x0000000082600000,0x0000000082600000,0x0000000087a00000)
 Metaspace       used 9830K, capacity 10684K, committed 11008K, reserved 1058816K
  class space    used 1244K, capacity 1442K, committed 1536K, reserved 1048576K
Event: 3.911 GC heap after
Heap after GC invocations=1 (full 0):
 PSYoungGen      total 37888K, used 4848K [0x00000000d6200000, 0x00000000d8c00000, 0x0000000100000000)
  eden space 32768K, 0% used [0x00000000d6200000,0x00000000d6200000,0x00000000d8200000)
  from space 5120K, 94% used [0x00000000d8200000,0x00000000d86bc350,0x00000000d8700000)
  to   space 5120K, 0% used [0x00000000d8700000,0x00000000d8700000,0x00000000d8c00000)
 ParOldGen       total 86016K, used 16K [0x0000000082600000, 0x0000000087a00000, 0x00000000d6200000)
  object space 86016K, 0% used [0x0000000082600000,0x0000000082604000,0x0000000087a00000)
 Metaspace       used 9830K, capacity 10684K, committed 11008K, reserved 1058816K
  class space    used 1244K, capacity 1442K, committed 1536K, reserved 1048576K
}
Event: 5.738 GC heap before
{Heap before GC invocations=2 (full 0):
 PSYoungGen      total 37888K, used 37616K [0x00000000d6200000, 0x00000000d8c00000, 0x0000000100000000)
  eden space 32768K, 100% used [0x00000000d6200000,0x00000000d8200000,0x00000000d8200000)
  from space 5120K, 94% used [0x00000000d8200000,0x00000000d86bc350,0x00000000d8700000)
  to   space 5120K, 0% used [0x00000000d8700000,0x00000000d8700000,0x00000000d8c00000)
 ParOldGen       total 86016K, used 16K [0x0000000082600000, 0x0000000087a00000, 0x00000000d6200000)
  object space 86016K, 0% used [0x0000000082600000,0x0000000082604000,0x0000000087a00000)
 Metaspace       used 13647K, capacity 14768K, committed 15104K, reserved 1062912K
  class space    used 1724K, capacity 1942K, committed 2048K, reserved 1048576K
Event: 5.789 GC heap after
Heap after GC invocations=2 (full 0):
 PSYoungGen      total 37888K, used 5089K [0x00000000d6200000, 0x00000000dac00000, 0x0000000100000000)
  eden space 32768K, 0% used [0x00000000d6200000,0x00000000d6200000,0x00000000d8200000)
  from space 5120K, 99% used [0x00000000d8700000,0x00000000d8bf8408,0x00000000d8c00000)
  to   space 5120K, 0% used [0x00000000d8200000,0x00000000d8200000,0x00000000d8700000)
 ParOldGen       total 86016K, used 727K [0x0000000082600000, 0x0000000087a00000, 0x00000000d6200000)
  object space 86016K, 0% used [0x0000000082600000,0x00000000826b5df0,0x0000000087a00000)
 Metaspace       used 13647K, capacity 14768K, committed 15104K, reserved 1062912K
  class space    used 1724K, capacity 1942K, committed 2048K, reserved 1048576K
}
Event: 8.127 GC heap before
{Heap before GC invocations=3 (full 0):
 PSYoungGen      total 37888K, used 37857K [0x00000000d6200000, 0x00000000dac00000, 0x0000000100000000)
  eden space 32768K, 100% used [0x00000000d6200000,0x00000000d8200000,0x00000000d8200000)
  from space 5120K, 99% used [0x00000000d8700000,0x00000000d8bf8408,0x00000000d8c00000)
  to   space 5120K, 0% used [0x00000000d8200000,0x00000000d8200000,0x00000000d8700000)
 ParOldGen       total 86016K, used 731K [0x0000000082600000, 0x0000000087a00000, 0x00000000d6200000)
  object space 86016K, 0% used [0x0000000082600000,0x00000000826b6fe8,0x0000000087a00000)
 Metaspace       used 17005K, capacity 18468K, committed 18688K, reserved 1064960K
  class space    used 2244K, capacity 2528K, committed 2560K, reserved 1048576K
Event: 8.151 GC heap after
Heap after GC invocations=3 (full 0):
 PSYoungGen      total 37888K, used 5100K [0x00000000d6200000, 0x00000000dac00000, 0x0000000100000000)
  eden space 32768K, 0% used [0x00000000d6200000,0x00000000d6200000,0x00000000d8200000)
  from space 5120K, 99% used [0x00000000d8200000,0x00000000d86fb2b8,0x00000000d8700000)
  to   space 5120K, 0% used [0x00000000da700000,0x00000000da700000,0x00000000dac00000)
 ParOldGen       total 86016K, used 2801K [0x0000000082600000, 0x0000000087a00000, 0x00000000d6200000)
  object space 86016K, 3% used [0x0000000082600000,0x00000000828bc5a0,0x0000000087a00000)
 Metaspace       used 17005K, capacity 18468K, committed 18688K, reserved 1064960K
  class space    used 2244K, capacity 2528K, committed 2560K, reserved 1048576K
}
Event: 8.816 GC heap before
{Heap before GC invocations=4 (full 0):
 PSYoungGen      total 37888K, used 25437K [0x00000000d6200000, 0x00000000dac00000, 0x0000000100000000)
  eden space 32768K, 62% used [0x00000000d6200000,0x00000000d75dc350,0x00000000d8200000)
  from space 5120K, 99% used [0x00000000d8200000,0x00000000d86fb2b8,0x00000000d8700000)
  to   space 5120K, 0% used [0x00000000da700000,0x00000000da700000,0x00000000dac00000)
 ParOldGen       total 86016K, used 2801K [0x0000000082600000, 0x0000000087a00000, 0x00000000d6200000)
  object space 86016K, 3% used [0x0000000082600000,0x00000000828bc5a0,0x0000000087a00000)
 Metaspace       used 19665K, capacity 21150K, committed 21296K, reserved 1067008K
  class space    used 2550K, capacity 2821K, committed 2944K, reserved 1048576K
Event: 8.895 GC heap after
Heap after GC invocations=4 (full 0):
 PSYoungGen      total 70656K, used 5104K [0x00000000d6200000, 0x00000000dac00000, 0x0000000100000000)
  eden space 65536K, 0% used [0x00000000d6200000,0x00000000d6200000,0x00000000da200000)
  from space 5120K, 99% used [0x00000000da700000,0x00000000dabfc380,0x00000000dac00000)
  to   space 5120K, 0% used [0x00000000da200000,0x00000000da200000,0x00000000da700000)
 ParOldGen       total 86016K, used 4992K [0x0000000082600000, 0x0000000087a00000, 0x00000000d6200000)
  object space 86016K, 5% used [0x0000000082600000,0x0000000082ae0260,0x0000000087a00000)
 Metaspace       used 19665K, capacity 21150K, committed 21296K, reserved 1067008K
  class space    used 2550K, capacity 2821K, committed 2944K, reserved 1048576K
}
Event: 8.896 GC heap before
{Heap before GC invocations=5 (full 1):
 PSYoungGen      total 70656K, used 5104K [0x00000000d6200000, 0x00000000dac00000, 0x0000000100000000)
  eden space 65536K, 0% used [0x00000000d6200000,0x00000000d6200000,0x00000000da200000)
  from space 5120K, 99% used [0x00000000da700000,0x00000000dabfc380,0x00000000dac00000)
  to   space 5120K, 0% used [0x00000000da200000,0x00000000da200000,0x00000000da700000)
 ParOldGen       total 86016K, used 4992K [0x0000000082600000, 0x0000000087a00000, 0x00000000d6200000)
  object space 86016K, 5% used [0x0000000082600000,0x0000000082ae0260,0x0000000087a00000)
 Metaspace       used 19665K, capacity 21150K, committed 21296K, reserved 1067008K
  class space    used 2550K, capacity 2821K, committed 2944K, reserved 1048576K
Event: 9.118 GC heap after
Heap after GC invocations=5 (full 1):
 PSYoungGen      total 70656K, used 0K [0x00000000d6200000, 0x00000000dac00000, 0x0000000100000000)
  eden space 65536K, 0% used [0x00000000d6200000,0x00000000d6200000,0x00000000da200000)
  from space 5120K, 0% used [0x00000000da700000,0x00000000da700000,0x00000000dac00000)
  to   space 5120K, 0% used [0x00000000da200000,0x00000000da200000,0x00000000da700000)
 ParOldGen       total 56320K, used 7145K [0x0000000082600000, 0x0000000085d00000, 0x00000000d6200000)
  object space 56320K, 12% used [0x0000000082600000,0x0000000082cfa4d8,0x0000000085d00000)
 Metaspace       used 19665K, capacity 21150K, committed 21296K, reserved 1067008K
  class space    used 2550K, capacity 2821K, committed 2944K, reserved 1048576K
}

